{
  "RSpec": {
    "coverage": {
      "C:/Sites/ratebeer/app/models/rating.rb": [
        1,
        1,
        1,
        null,
        1,
        null,
        null,
        null,
        1,
        30,
        null,
        null
      ],
      "C:/Sites/ratebeer/app/helpers/application_helper.rb": [
        1,
        null
      ],
      "C:/Sites/ratebeer/app/helpers/beer_clubs_helper.rb": [
        1,
        null
      ],
      "C:/Sites/ratebeer/app/helpers/beers_helper.rb": [
        1,
        null
      ],
      "C:/Sites/ratebeer/app/helpers/breweries_helper.rb": [
        1,
        null
      ],
      "C:/Sites/ratebeer/app/helpers/memberships_helper.rb": [
        1,
        null
      ],
      "C:/Sites/ratebeer/app/helpers/users_helper.rb": [
        1,
        null
      ],
      "C:/Sites/ratebeer/app/models/beer.rb": [
        1,
        1,
        null,
        1,
        1,
        null,
        1,
        1,
        1,
        null,
        1,
        2,
        null,
        null,
        null
      ],
      "C:/Sites/ratebeer/app/models/concerns/rating_average.rb": [
        1,
        1,
        null,
        1,
        null,
        null,
        null,
        null,
        null,
        null,
        null,
        null,
        null,
        null,
        11,
        null,
        null,
        null
      ],
      "C:/Sites/ratebeer/app/models/brewery.rb": [
        1,
        1,
        null,
        1,
        1,
        43,
        null,
        null,
        1,
        1,
        null,
        1,
        0,
        0,
        0,
        null,
        null,
        1,
        0,
        0,
        null,
        null
      ],
      "C:/Sites/ratebeer/app/models/user.rb": [
        1,
        1,
        null,
        1,
        null,
        1,
        1,
        1,
        1,
        null,
        1,
        null,
        1,
        null,
        null,
        null,
        null,
        1,
        12,
        null,
        null,
        null,
        11,
        null,
        null,
        1,
        12,
        null,
        45,
        11,
        11,
        null,
        null,
        null,
        21,
        null,
        32,
        null,
        null,
        1,
        12,
        null,
        45,
        11,
        11,
        null,
        null,
        null,
        21,
        null,
        32,
        null,
        null,
        null
      ],
      "C:/Sites/ratebeer/app/controllers/sessions_controller.rb": [
        1,
        null,
        1,
        null,
        null,
        1,
        8,
        8,
        7,
        7,
        null,
        1,
        null,
        null,
        null,
        1,
        0,
        0,
        null,
        null
      ],
      "C:/Sites/ratebeer/app/controllers/application_controller.rb": [
        1,
        null,
        null,
        1,
        null,
        1,
        null,
        1,
        128,
        81,
        null,
        null,
        1,
        4,
        null,
        null
      ],
      "C:/Sites/ratebeer/app/controllers/users_controller.rb": [
        1,
        1,
        null,
        null,
        null,
        1,
        0,
        null,
        null,
        null,
        null,
        1,
        null,
        null,
        null,
        1,
        1,
        null,
        null,
        null,
        1,
        null,
        null,
        null,
        null,
        1,
        1,
        null,
        1,
        1,
        2,
        1,
        null,
        0,
        0,
        null,
        null,
        null,
        null,
        null,
        null,
        1,
        0,
        0,
        0,
        0,
        null,
        0,
        0,
        null,
        null,
        null,
        null,
        null,
        null,
        1,
        0,
        0,
        0,
        0,
        0,
        0,
        null,
        null,
        null,
        null,
        1,
        null,
        1,
        16,
        null,
        null,
        null,
        1,
        1,
        null,
        null
      ],
      "C:/Sites/ratebeer/app/models/membership.rb": [
        1,
        1,
        1,
        null,
        null
      ],
      "C:/Sites/ratebeer/app/models/beer_club.rb": [
        1,
        1,
        1,
        null,
        1,
        0,
        null,
        null,
        null
      ],
      "C:/Sites/ratebeer/app/controllers/beers_controller.rb": [
        1,
        1,
        1,
        1,
        null,
        null,
        null,
        1,
        1,
        null,
        null,
        null,
        null,
        1,
        null,
        null,
        null,
        1,
        2,
        null,
        null,
        null,
        1,
        null,
        null,
        null,
        null,
        1,
        2,
        null,
        2,
        2,
        2,
        1,
        null,
        1,
        1,
        2,
        1,
        null,
        null,
        null,
        null,
        null,
        null,
        1,
        0,
        0,
        0,
        0,
        null,
        0,
        0,
        null,
        null,
        null,
        null,
        null,
        null,
        1,
        0,
        0,
        0,
        0,
        null,
        null,
        null,
        1,
        null,
        1,
        0,
        null,
        null,
        null,
        1,
        2,
        null,
        null,
        1,
        2,
        2,
        null,
        null,
        null
      ],
      "C:/Sites/ratebeer/app/controllers/breweries_controller.rb": [
        1,
        1,
        1,
        null,
        null,
        null,
        1,
        3,
        null,
        null,
        null,
        null,
        1,
        1,
        null,
        null,
        null,
        1,
        0,
        null,
        null,
        null,
        1,
        null,
        null,
        null,
        null,
        1,
        0,
        null,
        0,
        0,
        0,
        0,
        null,
        0,
        0,
        null,
        null,
        null,
        null,
        null,
        null,
        1,
        0,
        0,
        0,
        0,
        null,
        0,
        0,
        null,
        null,
        null,
        null,
        null,
        null,
        1,
        0,
        0,
        0,
        0,
        null,
        null,
        null,
        1,
        null,
        1,
        1,
        null,
        null,
        null,
        1,
        0,
        null,
        null,
        null,
        null,
        null,
        null,
        null,
        null,
        null
      ],
      "C:/Sites/ratebeer/lib/beermapping_api.rb": [
        1,
        1,
        5,
        9,
        null,
        null,
        1,
        null,
        1,
        4,
        null,
        4,
        4,
        null,
        4,
        null,
        3,
        3,
        4,
        null,
        null,
        null,
        1,
        4,
        null,
        null
      ],
      "C:/Sites/ratebeer/app/models/place.rb": [
        1,
        1,
        5,
        null,
        null
      ],
      "C:/Sites/ratebeer/app/controllers/places_controller.rb": [
        1,
        1,
        null,
        null,
        1,
        3,
        3,
        1,
        null,
        2,
        null,
        null,
        null,
        null,
        null
      ],
      "C:/Sites/ratebeer/app/controllers/ratings_controller.rb": [
        1,
        1,
        2,
        null,
        null,
        1,
        1,
        1,
        null,
        null,
        1,
        1,
        null,
        1,
        0,
        1,
        1,
        1,
        null,
        0,
        0,
        null,
        null,
        null,
        1,
        1,
        1,
        1,
        null,
        null
      ],
      "C:/Sites/ratebeer/app/controllers/beer_clubs_controller.rb": [
        0,
        0,
        0,
        0,
        0,
        0,
        0,
        0,
        0,
        0,
        0,
        0,
        0,
        0,
        0,
        0,
        0,
        0,
        0,
        0,
        0,
        0,
        0,
        0,
        0,
        0,
        0,
        0,
        0,
        0,
        0,
        0,
        0,
        0,
        0,
        0,
        0,
        0,
        0,
        0,
        0,
        0,
        0,
        0,
        0,
        0,
        0,
        0,
        0,
        0,
        0,
        0,
        0,
        0,
        0,
        0,
        0,
        0,
        0,
        0,
        0,
        0,
        0,
        0,
        0,
        0,
        0,
        0,
        0,
        0,
        0,
        0,
        0,
        0,
        0
      ],
      "C:/Sites/ratebeer/app/controllers/memberships_controller.rb": [
        0,
        0,
        0,
        0,
        0,
        0,
        0,
        0,
        0,
        0,
        0,
        0,
        0,
        0,
        0,
        0,
        0,
        0,
        0,
        0,
        0,
        0,
        0,
        0,
        0,
        0,
        0,
        0,
        0,
        0,
        0,
        0,
        0,
        0,
        0,
        0,
        0,
        0,
        0,
        0,
        0,
        0,
        0,
        0,
        0,
        0,
        0,
        0,
        0,
        0,
        0,
        0,
        0,
        0,
        0,
        0,
        0,
        0,
        0,
        0,
        0,
        0,
        0,
        0,
        0,
        0,
        0,
        0,
        0,
        0,
        0,
        0,
        0,
        0,
        0,
        0,
        0,
        0,
        0,
        0,
        0
      ]
    },
    "timestamp": 1487444594
  }
}
